1	: BUS	: start
2	: BUS	: arrival
3	: BUS	: depart
4	: RID 1	: start
5	: RID 1	: enter : 1
6	: RID 2	: start
7	: RID 2	: enter : 2
8	: RID 3	: start
9	: RID 3	: enter : 3
10	: RID 4	: start
11	: RID 4	: enter : 4
12	: BUS	: end
13	: BUS	: arrival
14	: BUS	: start boarding: 4
15	: RID 1	: boarding
16	: RID 2	: boarding
17	: BUS	: end boarding: 4
18	: BUS	: depart
19	: RID 5	: start
20	: RID 5	: enter : 3
21	: BUS	: end
22	: BUS	: arrival
23	: BUS	: start boarding: 3
24	: RID 3	: boarding
25	: RID 1	: finish
26	: RID 2	: finish
27	: RID 4	: boarding
28	: BUS	: end boarding: 3
29	: BUS	: depart
30	: BUS	: end
31	: BUS	: arrival
32	: BUS	: start boarding: 1
33	: RID 4	: finish
34	: RID 3	: finish
35	: RID 5	: boarding
36	: BUS	: end boarding: 1
37	: BUS	: depart
38	: BUS	: finish
